[38;5;112m[Appium][0m Welcome to Appium v2.11.1
[38;5;112m[Appium][0m Non-default server args:
[38;5;112m[Appium][0m { basePath: [32m'/wd/hub'[39m, loglevel: [32m'info'[39m, port: [33m59535[39m }
[38;5;112m[Appium][0m Attempting to load driver uiautomator2...
[38;5;112m[Appium][0m Appium REST http interface listener started on http://0.0.0.0:59535/wd/hub
[38;5;112m[Appium][0m You can provide the following URLs in your client code to connect to this server:
	http://192.168.137.1:59535/wd/hub
	http://192.168.1.13:59535/wd/hub
	http://127.0.0.1:59535/wd/hub (only accessible from the same host)
[38;5;112m[Appium][0m Available drivers:
[38;5;112m[Appium][0m   - uiautomator2@3.7.2 (automationName 'UiAutomator2')
[38;5;112m[Appium][0m No plugins have been installed. Use the "appium plugin" command to install the one(s) you want to use.
[38;5;86m[HTTP][0m [37m-->[39m [37mGET[39m [37m/wd/hub/status[39m [90m{}[39m
[38;5;86m[HTTP][0m [37m<-- GET /wd/hub/status [39m[32m200[39m [90m6 ms - 111[39m [90m[39m
[38;5;86m[HTTP][0m [37m-->[39m [37mGET[39m [37m/wd/hub/status[39m [90m{}[39m
[38;5;86m[HTTP][0m [37m<-- GET /wd/hub/status [39m[32m200[39m [90m1 ms - 111[39m [90m[39m
[38;5;86m[HTTP][0m [37m-->[39m [37mPOST[39m [37m/wd/hub/session[39m [90m{"desiredCapabilities":{"appium:systemPort":8278,"appium:udid":"d6a6irroizskp7fi","appium:autoGrantPermissions":true,"appium:newCommandTimeout":1800,"appium:platformName":"ANDROID","appium:appActivity":".Settings","appium:deviceName":"Xiaomi Redmi Note 8 Pro (Android 11)","platformName":"Android","appium:automationName":"uiautomator2","appium:platformVersion":"11","appium:appPackage":"com.android.settings"},"capabilities":{"firstMatch":[{"appium:appActivity":".Settings","appium:appPackage":"com.android.settings","appium:autoGrantPermissions":true,"appium:automationName":"uiautomator2","appium:deviceName":"Xiaomi Redmi Note 8 Pro (Android 11)","appium:newCommandTimeout":1800,"appium:platformName":"ANDROID","appium:platformVersion":"11","appium:systemPort":8278,"appium:udid":"d6a6irroizskp7fi","platformName":"android"}]}}[39m
[38;5;123m[BaseDriver][0m Ignoring capability 'appium:platformName=ANDROID' and using capability 'platformName=android'
[38;5;123m[BaseDriver][0m The capabilities ["platformName"] are standard capabilities and do not require "appium:" prefix
[38;5;112m[Appium][0m Attempting to find matching driver for automationName 'uiautomator2' and platformName 'android'
[38;5;112m[Appium][0m The 'uiautomator2' driver was installed and matched caps.
[38;5;112m[Appium][0m Will require it at C:\Users\LENOVO\AppData\Roaming\npm\node_modules\appium\node_modules\appium-uiautomator2-driver
[38;5;152m[AppiumDriver@aea1][0m Appium v2.11.1 creating new AndroidUiautomator2Driver (v3.7.2) session
[38;5;152m[AppiumDriver@aea1][0m Checking BaseDriver versions for Appium and AndroidUiautomator2Driver
[38;5;152m[AppiumDriver@aea1][0m Appium's BaseDriver version is 9.11.1
[38;5;152m[AppiumDriver@aea1][0m AndroidUiautomator2Driver's BaseDriver version is 9.11.1
[38;5;88m[da959743][0m[38;5;13m[AndroidUiautomator2Driver@bd08][0m Session created with session id: da959743-c678-4296-809a-acddf015a899
[38;5;88m[da959743][0m[38;5;229m[ADB][0m Found 1 'build-tools' folders under 'C:\Users\LENOVO\.katalon\tools\android_sdk' (newest first):
[38;5;88m[da959743][0m[38;5;229m[ADB][0m     C:\Users\LENOVO\.katalon\tools\android_sdk\build-tools\29.0.3
[38;5;88m[da959743][0m[38;5;229m[ADB][0m Using 'adb.exe' from 'C:\Users\LENOVO\.katalon\tools\android_sdk\platform-tools\adb.exe'
[38;5;88m[da959743][0m[38;5;13m[AndroidUiautomator2Driver@bd08][0m Retrieving device list
[38;5;88m[da959743][0m[38;5;13m[AndroidUiautomator2Driver@bd08][0m Using device: d6a6irroizskp7fi
[38;5;88m[da959743][0m[38;5;229m[ADB][0m Using 'adb.exe' from 'C:\Users\LENOVO\.katalon\tools\android_sdk\platform-tools\adb.exe'
[38;5;88m[da959743][0m[38;5;13m[AndroidUiautomator2Driver@bd08][0m Starting 'com.android.settings' directly on the device
[38;5;88m[da959743][0m[38;5;229m[ADB][0m Getting device platform version
[38;5;88m[da959743][0m[38;5;13m[AndroidUiautomator2Driver@bd08][0m Relaxing hidden api policy
[38;5;88m[da959743][0m[38;5;13m[AndroidUiautomator2Driver@bd08][0m No app sent in, not parsing package/activity
[38;5;88m[da959743][0m[38;5;13m[AndroidUiautomator2Driver@bd08][0m Server packages are not going to be (re)installed
[38;5;88m[da959743][0m[38;5;229m[ADB][0m Adding packages ["io.appium.settings","io.appium.uiautomator2.server","io.appium.uiautomator2.server.test"] to Doze whitelist
[38;5;88m[da959743][0m[38;5;13m[AndroidUiautomator2Driver@bd08][0m Starting UIAutomator2 server 7.0.18
[38;5;88m[da959743][0m[38;5;13m[AndroidUiautomator2Driver@bd08][0m Using UIAutomator2 server from 'C:\Users\LENOVO\AppData\Roaming\npm\node_modules\appium\node_modules\appium-uiautomator2-driver\node_modules\appium-uiautomator2-server\apks\appium-uiautomator2-server-v7.0.18.apk' and test from 'C:\Users\LENOVO\AppData\Roaming\npm\node_modules\appium\node_modules\appium-uiautomator2-driver\node_modules\appium-uiautomator2-server\apks\appium-uiautomator2-server-debug-androidTest.apk'
[38;5;88m[da959743][0m[38;5;13m[AndroidUiautomator2Driver@bd08][0m Waiting up to 30000ms for UiAutomator2 to be online...
[38;5;88m[da959743][0m[38;5;13m[AndroidUiautomator2Driver@bd08][0m socket hang up
[38;5;88m[da959743][0m[38;5;13m[AndroidUiautomator2Driver@bd08][0m socket hang up
[38;5;88m[da959743][0m[38;5;13m[AndroidUiautomator2Driver@bd08][0m socket hang up
[38;5;88m[da959743][0m[38;5;13m[AndroidUiautomator2Driver@bd08][0m Determined the downstream protocol as 'W3C'
[38;5;88m[da959743][0m[38;5;13m[AndroidUiautomator2Driver@bd08][0m Screen already unlocked, doing nothing
[38;5;88m[da959743][0m[38;5;13m[AndroidUiautomator2Driver@bd08][0m Starting 'com.android.settings/.Settings and waiting for 'com.android.settings/.Settings'
[38;5;88m[da959743][0m[38;5;152m[AppiumDriver@aea1][0m New AndroidUiautomator2Driver session created successfully, session da959743-c678-4296-809a-acddf015a899 added to master session list
[38;5;88m[da959743][0m[38;5;86m[HTTP][0m [37m<-- POST /wd/hub/session [39m[32m200[39m [90m7514 ms - 1120[39m [90m[39m
[38;5;88m[da959743][0m[38;5;86m[HTTP][0m [37m-->[39m [37mGET[39m [37m/wd/hub/session/da959743-c678-4296-809a-acddf015a899[39m [90m{}[39m
[38;5;88m[da959743][0m[38;5;86m[HTTP][0m [37m<-- GET /wd/hub/session/da959743-c678-4296-809a-acddf015a899 [39m[32m200[39m [90m20 ms - 324[39m [90m[39m
[38;5;88m[da959743][0m[38;5;86m[HTTP][0m [37m-->[39m [37mGET[39m [37m/wd/hub/session/da959743-c678-4296-809a-acddf015a899[39m [90m{}[39m
[38;5;88m[da959743][0m[38;5;86m[HTTP][0m [37m<-- GET /wd/hub/session/da959743-c678-4296-809a-acddf015a899 [39m[32m200[39m [90m11 ms - 324[39m [90m[39m
[38;5;86m[HTTP][0m [37m-->[39m [37mGET[39m [37m/wd/hub/status[39m [90m{}[39m
[38;5;86m[HTTP][0m [37m<-- GET /wd/hub/status [39m[32m200[39m [90m1 ms - 111[39m [90m[39m
[38;5;88m[da959743][0m[38;5;86m[HTTP][0m [37m-->[39m [37mPOST[39m [37m/wd/hub/session/da959743-c678-4296-809a-acddf015a899/timeouts[39m [90m{"implicit":60000}[39m
[38;5;88m[da959743][0m[38;5;86m[HTTP][0m [37m<-- POST /wd/hub/session/da959743-c678-4296-809a-acddf015a899/timeouts [39m[32m200[39m [90m4 ms - 14[39m [90m[39m
[38;5;88m[da959743][0m[38;5;86m[HTTP][0m [37m-->[39m [37mGET[39m [37m/wd/hub/session/da959743-c678-4296-809a-acddf015a899/appium/device/system_bars[39m [90m{}[39m
[38;5;88m[da959743][0m[38;5;86m[HTTP][0m [37m<-- GET /wd/hub/session/da959743-c678-4296-809a-acddf015a899/appium/device/system_bars [39m[31m500[39m [90m116 ms - 686[39m [90m[39m
[38;5;88m[da959743][0m[38;5;86m[HTTP][0m [37m-->[39m [37mPOST[39m [37m/wd/hub/session/da959743-c678-4296-809a-acddf015a899/execute/sync[39m [90m{"script":"mobile:viewportRect","args":[]}[39m
[38;5;88m[da959743][0m[38;5;13m[AndroidUiautomator2Driver@bd08][0m Executing native command 'mobile:viewportRect'
[38;5;88m[da959743][0m[38;5;86m[HTTP][0m [37m<-- POST /wd/hub/session/da959743-c678-4296-809a-acddf015a899/execute/sync [39m[32m200[39m [90m34 ms - 56[39m [90m[39m
[38;5;88m[da959743][0m[38;5;86m[HTTP][0m [37m-->[39m [37mPOST[39m [37m/wd/hub/session/da959743-c678-4296-809a-acddf015a899/appium/device/activate_app[39m [90m{"bundleId":"id.bmri.livin"}[39m
[38;5;88m[da959743][0m[38;5;86m[HTTP][0m [37m<-- POST /wd/hub/session/da959743-c678-4296-809a-acddf015a899/appium/device/activate_app [39m[32m200[39m [90m109 ms - 14[39m [90m[39m
[38;5;88m[da959743][0m[38;5;86m[HTTP][0m [37m-->[39m [37mGET[39m [37m/wd/hub/session/da959743-c678-4296-809a-acddf015a899/source[39m [90m{}[39m
[38;5;88m[da959743][0m[38;5;13m[AndroidUiautomator2Driver@bd08][0m Driver proxy active, passing request on via HTTP proxy
[38;5;88m[da959743][0m[38;5;13m[AndroidUiautomator2Driver@bd08][0m Replacing sessionId 5abd87a9-5ba1-40ec-a113-e3d2d8e60bab with da959743-c678-4296-809a-acddf015a899
[38;5;88m[da959743][0m[38;5;86m[HTTP][0m [37m<-- GET /wd/hub/session/da959743-c678-4296-809a-acddf015a899/source [39m[32m200[39m [90m1031 ms - 88253[39m [90m[39m
[38;5;88m[da959743][0m[38;5;86m[HTTP][0m [37m-->[39m [37mGET[39m [37m/wd/hub/session/da959743-c678-4296-809a-acddf015a899/screenshot[39m [90m{}[39m
[38;5;88m[da959743][0m[38;5;86m[HTTP][0m [37m<-- GET /wd/hub/session/da959743-c678-4296-809a-acddf015a899/screenshot [39m[32m200[39m [90m540 ms - 586824[39m [90m[39m
[38;5;88m[da959743][0m[38;5;86m[HTTP][0m [37m-->[39m [37mGET[39m [37m/wd/hub/session/da959743-c678-4296-809a-acddf015a899/window/rect[39m [90m{}[39m
[38;5;88m[da959743][0m[38;5;86m[HTTP][0m [37m<-- GET /wd/hub/session/da959743-c678-4296-809a-acddf015a899/window/rect [39m[32m200[39m [90m26 ms - 50[39m [90m[39m
[38;5;88m[da959743][0m[38;5;86m[HTTP][0m [37m-->[39m [37mPOST[39m [37m/wd/hub/session/da959743-c678-4296-809a-acddf015a899/elements[39m [90m{"using":"xpath","value":"//*[@class = 'android.widget.Button' and @resource-id = 'id.bmri.livin:id/btn_rounded_menu_item_core_ui' and (@text = '' or . = '')]"}[39m
[38;5;88m[da959743][0m[38;5;86m[HTTP][0m [37m<-- POST /wd/hub/session/da959743-c678-4296-809a-acddf015a899/elements [39m[32m200[39m [90m1382 ms - 1291[39m [90m[39m
[38;5;88m[da959743][0m[38;5;86m[HTTP][0m [37m-->[39m [37mGET[39m [37m/wd/hub/session/da959743-c678-4296-809a-acddf015a899/element/00000000-0000-04ec-ffff-ffff00000cd6/location[39m [90m{}[39m
[38;5;88m[da959743][0m[38;5;13m[AndroidUiautomator2Driver@bd08][0m Driver proxy active, passing request on via HTTP proxy
[38;5;88m[da959743][0m[38;5;13m[AndroidUiautomator2Driver@bd08][0m Replacing sessionId 5abd87a9-5ba1-40ec-a113-e3d2d8e60bab with da959743-c678-4296-809a-acddf015a899
[38;5;88m[da959743][0m[38;5;86m[HTTP][0m [37m<-- GET /wd/hub/session/da959743-c678-4296-809a-acddf015a899/element/00000000-0000-04ec-ffff-ffff00000cd6/location [39m[32m200[39m [90m503 ms - 77[39m [90m[39m
[38;5;88m[da959743][0m[38;5;86m[HTTP][0m [37m-->[39m [37mPOST[39m [37m/wd/hub/session/da959743-c678-4296-809a-acddf015a899/element/00000000-0000-04ec-ffff-ffff00000cd6/click[39m [90m{"id":"00000000-0000-04ec-ffff-ffff00000cd6"}[39m
[38;5;88m[da959743][0m[38;5;86m[HTTP][0m [37m<-- POST /wd/hub/session/da959743-c678-4296-809a-acddf015a899/element/00000000-0000-04ec-ffff-ffff00000cd6/click [39m[32m200[39m [90m72 ms - 14[39m [90m[39m
[38;5;88m[da959743][0m[38;5;86m[HTTP][0m [37m-->[39m [37mGET[39m [37m/wd/hub/session/da959743-c678-4296-809a-acddf015a899/source[39m [90m{}[39m
[38;5;88m[da959743][0m[38;5;13m[AndroidUiautomator2Driver@bd08][0m Driver proxy active, passing request on via HTTP proxy
[38;5;88m[da959743][0m[38;5;13m[AndroidUiautomator2Driver@bd08][0m Replacing sessionId 5abd87a9-5ba1-40ec-a113-e3d2d8e60bab with da959743-c678-4296-809a-acddf015a899
[38;5;88m[da959743][0m[38;5;86m[HTTP][0m [37m<-- GET /wd/hub/session/da959743-c678-4296-809a-acddf015a899/source [39m[32m200[39m [90m496 ms - 18200[39m [90m[39m
[38;5;88m[da959743][0m[38;5;86m[HTTP][0m [37m-->[39m [37mGET[39m [37m/wd/hub/session/da959743-c678-4296-809a-acddf015a899/screenshot[39m [90m{}[39m
[38;5;88m[da959743][0m[38;5;86m[HTTP][0m [37m<-- GET /wd/hub/session/da959743-c678-4296-809a-acddf015a899/screenshot [39m[32m200[39m [90m473 ms - 160544[39m [90m[39m
[38;5;88m[da959743][0m[38;5;86m[HTTP][0m [37m-->[39m [37mGET[39m [37m/wd/hub/session/da959743-c678-4296-809a-acddf015a899/window/rect[39m [90m{}[39m
[38;5;88m[da959743][0m[38;5;86m[HTTP][0m [37m<-- GET /wd/hub/session/da959743-c678-4296-809a-acddf015a899/window/rect [39m[32m200[39m [90m25 ms - 50[39m [90m[39m
[38;5;88m[da959743][0m[38;5;86m[HTTP][0m [37m-->[39m [37mPOST[39m [37m/wd/hub/session/da959743-c678-4296-809a-acddf015a899/elements[39m [90m{"using":"xpath","value":"//*[@class = 'android.widget.Button' and (@text = 'Transfer ke Penerima Baru' or . = 'Transfer ke Penerima Baru') and @resource-id = 'id.bmri.livin:id/btn_new_destination']"}[39m
[38;5;88m[da959743][0m[38;5;86m[HTTP][0m [37m<-- POST /wd/hub/session/da959743-c678-4296-809a-acddf015a899/elements [39m[32m200[39m [90m585 ms - 139[39m [90m[39m
[38;5;88m[da959743][0m[38;5;86m[HTTP][0m [37m-->[39m [37mGET[39m [37m/wd/hub/session/da959743-c678-4296-809a-acddf015a899/element/00000000-0000-04ec-ffff-ffff00000f46/location[39m [90m{}[39m
[38;5;88m[da959743][0m[38;5;13m[AndroidUiautomator2Driver@bd08][0m Driver proxy active, passing request on via HTTP proxy
[38;5;88m[da959743][0m[38;5;13m[AndroidUiautomator2Driver@bd08][0m Replacing sessionId 5abd87a9-5ba1-40ec-a113-e3d2d8e60bab with da959743-c678-4296-809a-acddf015a899
[38;5;88m[da959743][0m[38;5;86m[HTTP][0m [37m<-- GET /wd/hub/session/da959743-c678-4296-809a-acddf015a899/element/00000000-0000-04ec-ffff-ffff00000f46/location [39m[32m200[39m [90m21 ms - 78[39m [90m[39m
[38;5;88m[da959743][0m[38;5;86m[HTTP][0m [37m-->[39m [37mPOST[39m [37m/wd/hub/session/da959743-c678-4296-809a-acddf015a899/element/00000000-0000-04ec-ffff-ffff00000f46/click[39m [90m{"id":"00000000-0000-04ec-ffff-ffff00000f46"}[39m
[38;5;88m[da959743][0m[38;5;86m[HTTP][0m [37m<-- POST /wd/hub/session/da959743-c678-4296-809a-acddf015a899/element/00000000-0000-04ec-ffff-ffff00000f46/click [39m[32m200[39m [90m82 ms - 14[39m [90m[39m
[38;5;88m[da959743][0m[38;5;86m[HTTP][0m [37m-->[39m [37mGET[39m [37m/wd/hub/session/da959743-c678-4296-809a-acddf015a899/source[39m [90m{}[39m
[38;5;88m[da959743][0m[38;5;13m[AndroidUiautomator2Driver@bd08][0m Driver proxy active, passing request on via HTTP proxy
[38;5;88m[da959743][0m[38;5;13m[AndroidUiautomator2Driver@bd08][0m Replacing sessionId 5abd87a9-5ba1-40ec-a113-e3d2d8e60bab with da959743-c678-4296-809a-acddf015a899
[38;5;88m[da959743][0m[38;5;86m[HTTP][0m [37m<-- GET /wd/hub/session/da959743-c678-4296-809a-acddf015a899/source [39m[32m200[39m [90m395 ms - 18763[39m [90m[39m
[38;5;88m[da959743][0m[38;5;86m[HTTP][0m [37m-->[39m [37mGET[39m [37m/wd/hub/session/da959743-c678-4296-809a-acddf015a899/screenshot[39m [90m{}[39m
[38;5;88m[da959743][0m[38;5;86m[HTTP][0m [37m<-- GET /wd/hub/session/da959743-c678-4296-809a-acddf015a899/screenshot [39m[32m200[39m [90m422 ms - 91024[39m [90m[39m
[38;5;88m[da959743][0m[38;5;86m[HTTP][0m [37m-->[39m [37mDELETE[39m [37m/wd/hub/session/da959743-c678-4296-809a-acddf015a899[39m [90m{}[39m
[38;5;88m[da959743][0m[38;5;152m[AppiumDriver@aea1][0m Removing session da959743-c678-4296-809a-acddf015a899 from our master session list
[38;5;88m[da959743][0m[38;5;13m[AndroidUiautomator2Driver@bd08][0m Restoring hidden api policy to the device default configuration
[38;5;88m[da959743][0m[38;5;86m[HTTP][0m [37m<-- DELETE /wd/hub/session/da959743-c678-4296-809a-acddf015a899 [39m[32m200[39m [90m257 ms - 14[39m [90m[39m
